TN:
SF:app.js
FN:19,(anonymous_0)
FN:21,(anonymous_1)
FN:25,(anonymous_2)
FNF:3
FNH:2
FNDA:2,(anonymous_0)
FNDA:1,(anonymous_1)
FNDA:0,(anonymous_2)
DA:1,2
DA:2,2
DA:3,2
DA:4,2
DA:5,2
DA:7,2
DA:9,2
DA:10,2
DA:13,2
DA:14,2
DA:16,2
DA:18,2
DA:20,2
DA:21,2
DA:22,1
DA:26,0
DA:29,2
LF:17
LH:16
BRDA:16,0,0,2
BRDA:16,0,1,0
BRF:2
BRH:1
end_of_record
TN:
SF:config/db.js
FN:16,testConnection
FNF:1
FNH:1
FNDA:2,testConnection
DA:1,2
DA:2,2
DA:4,2
DA:17,2
DA:18,2
DA:19,2
DA:21,0
DA:25,2
DA:27,2
LF:9
LH:8
BRF:0
BRH:0
end_of_record
TN:
SF:middleware/auth.js
FN:3,(anonymous_0)
FNF:1
FNH:1
FNDA:5,(anonymous_0)
DA:1,2
DA:3,2
DA:4,5
DA:5,5
DA:6,4
DA:7,4
DA:8,4
DA:10,1
LF:8
LH:8
BRDA:6,0,0,4
BRDA:6,0,1,0
BRF:2
BRH:1
end_of_record
TN:
SF:models/index.js
FN:60,(anonymous_0)
FN:63,(anonymous_1)
FNF:2
FNH:1
FNDA:2,(anonymous_0)
FNDA:0,(anonymous_1)
DA:1,2
DA:2,2
DA:5,2
DA:31,2
DA:55,2
DA:56,2
DA:59,2
DA:61,2
DA:64,0
DA:67,2
LF:10
LH:9
BRF:0
BRH:0
end_of_record
TN:
SF:routes/auth.routes.js
FN:8,(anonymous_0)
FN:26,(anonymous_1)
FNF:2
FNH:2
FNDA:2,(anonymous_0)
FNDA:2,(anonymous_1)
DA:1,2
DA:2,2
DA:3,2
DA:4,2
DA:5,2
DA:8,2
DA:9,2
DA:10,2
DA:11,2
DA:13,2
DA:19,1
DA:21,1
DA:26,2
DA:27,2
DA:28,2
DA:29,2
DA:31,2
DA:32,0
DA:35,2
DA:36,2
DA:37,1
DA:40,1
DA:46,1
DA:55,0
DA:59,2
LF:25
LH:23
BRDA:31,0,0,0
BRDA:31,0,1,2
BRDA:36,1,0,1
BRDA:36,1,1,1
BRDA:42,2,0,1
BRDA:42,2,1,0
BRF:6
BRH:4
end_of_record
TN:
SF:routes/project.routes.js
FN:7,(anonymous_0)
FN:19,(anonymous_1)
FN:32,(anonymous_2)
FN:50,(anonymous_3)
FNF:4
FNH:4
FNDA:1,(anonymous_0)
FNDA:1,(anonymous_1)
FNDA:1,(anonymous_2)
FNDA:1,(anonymous_3)
DA:1,2
DA:2,2
DA:3,2
DA:4,2
DA:7,2
DA:8,1
DA:9,1
DA:12,0
DA:14,1
DA:19,2
DA:20,1
DA:21,1
DA:25,1
DA:27,0
DA:32,2
DA:33,1
DA:34,1
DA:38,0
DA:39,0
DA:42,0
DA:43,0
DA:45,1
DA:50,2
DA:51,1
DA:52,1
DA:56,0
DA:57,0
DA:60,0
DA:61,0
DA:63,1
DA:67,2
LF:31
LH:21
BRDA:38,0,0,0
BRDA:38,0,1,0
BRDA:56,1,0,0
BRDA:56,1,1,0
BRF:4
BRH:0
end_of_record
